2025-06-21 14:42:15,834 - static_middleware - INFO - Registered static file handler middleware
2025-06-21 14:42:15,834 - static_middleware - INFO - Static folder: /Users/josephhester/fire-ems-tools/static
2025-06-21 14:42:15,834 - static_middleware - INFO - JavaScript MIME type: application/javascript
2025-06-21 14:42:15,835 - static_middleware - INFO - Available fallback routes: /direct-static/, /app-static/
2025-06-21 14:42:15,835 - static_middleware - INFO - MIME type for .js: application/javascript
2025-06-21 14:42:15,835 - static_middleware - INFO - MIME type for .css: text/css
2025-06-21 14:42:15,835 - static_middleware - INFO - MIME type for .jsx: application/javascript
2025-06-21 14:42:15,835 - static_middleware - INFO - MIME type for .json: application/json
2025-06-21 14:42:15,835 - static_middleware - ERROR - Error listing static files: [Errno 2] No such file or directory: '/Users/josephhester/fire-ems-tools/static'
2025-06-21 14:42:17,069 - static_middleware - INFO - Registered static file handler middleware
2025-06-21 14:42:17,069 - static_middleware - INFO - Registered static file handler middleware
2025-06-21 14:42:17,069 - static_middleware - INFO - Static folder: /Users/josephhester/fire-ems-tools/static
2025-06-21 14:42:17,069 - static_middleware - INFO - Static folder: /Users/josephhester/fire-ems-tools/static
2025-06-21 14:42:17,069 - static_middleware - INFO - JavaScript MIME type: application/javascript
2025-06-21 14:42:17,069 - static_middleware - INFO - JavaScript MIME type: application/javascript
2025-06-21 14:42:17,069 - static_middleware - INFO - Available fallback routes: /direct-static/, /app-static/
2025-06-21 14:42:17,069 - static_middleware - INFO - Available fallback routes: /direct-static/, /app-static/
2025-06-21 14:42:17,069 - static_middleware - INFO - MIME type for .js: application/javascript
2025-06-21 14:42:17,069 - static_middleware - INFO - MIME type for .js: application/javascript
2025-06-21 14:42:17,069 - static_middleware - INFO - MIME type for .css: text/css
2025-06-21 14:42:17,069 - static_middleware - INFO - MIME type for .css: text/css
2025-06-21 14:42:17,069 - static_middleware - INFO - MIME type for .jsx: application/javascript
2025-06-21 14:42:17,069 - static_middleware - INFO - MIME type for .jsx: application/javascript
2025-06-21 14:42:17,069 - static_middleware - INFO - MIME type for .json: application/json
2025-06-21 14:42:17,069 - static_middleware - INFO - MIME type for .json: application/json
2025-06-21 14:42:17,069 - static_middleware - ERROR - Error listing static files: [Errno 2] No such file or directory: '/Users/josephhester/fire-ems-tools/static'
2025-06-21 14:42:17,069 - static_middleware - ERROR - Error listing static files: [Errno 2] No such file or directory: '/Users/josephhester/fire-ems-tools/static'
2025-06-21 14:43:31,294 - static_middleware - INFO - Registered static file handler middleware
2025-06-21 14:43:31,294 - static_middleware - INFO - Static folder: /Users/josephhester/fire-ems-tools/static
2025-06-21 14:43:31,295 - static_middleware - INFO - JavaScript MIME type: application/javascript
2025-06-21 14:43:31,295 - static_middleware - INFO - Available fallback routes: /direct-static/, /app-static/
2025-06-21 14:43:31,295 - static_middleware - INFO - MIME type for .js: application/javascript
2025-06-21 14:43:31,295 - static_middleware - INFO - MIME type for .css: text/css
2025-06-21 14:43:31,295 - static_middleware - INFO - MIME type for .jsx: application/javascript
2025-06-21 14:43:31,295 - static_middleware - INFO - MIME type for .json: application/json
2025-06-21 14:43:31,295 - static_middleware - ERROR - Error listing static files: [Errno 2] No such file or directory: '/Users/josephhester/fire-ems-tools/static'
2025-06-21 14:43:31,967 - static_middleware - INFO - Registered static file handler middleware
2025-06-21 14:43:31,967 - static_middleware - INFO - Static folder: /Users/josephhester/fire-ems-tools/static
2025-06-21 14:43:31,967 - static_middleware - INFO - JavaScript MIME type: application/javascript
2025-06-21 14:43:31,967 - static_middleware - INFO - Available fallback routes: /direct-static/, /app-static/
2025-06-21 14:43:31,967 - static_middleware - INFO - MIME type for .js: application/javascript
2025-06-21 14:43:31,967 - static_middleware - INFO - MIME type for .css: text/css
2025-06-21 14:43:31,967 - static_middleware - INFO - MIME type for .jsx: application/javascript
2025-06-21 14:43:31,967 - static_middleware - INFO - MIME type for .json: application/json
2025-06-21 14:43:31,967 - static_middleware - ERROR - Error listing static files: [Errno 2] No such file or directory: '/Users/josephhester/fire-ems-tools/static'
2025-06-21 15:28:02,904 - static_middleware - INFO - Registered static file handler middleware
2025-06-21 15:28:02,904 - static_middleware - INFO - Static folder: /Users/josephhester/fire-ems-tools/static
2025-06-21 15:28:02,904 - static_middleware - INFO - JavaScript MIME type: application/javascript
2025-06-21 15:28:02,904 - static_middleware - INFO - Available fallback routes: /direct-static/, /app-static/
2025-06-21 15:28:02,904 - static_middleware - INFO - MIME type for .js: application/javascript
2025-06-21 15:28:02,904 - static_middleware - INFO - MIME type for .css: text/css
2025-06-21 15:28:02,905 - static_middleware - INFO - MIME type for .jsx: application/javascript
2025-06-21 15:28:02,905 - static_middleware - INFO - MIME type for .json: application/json
2025-06-21 15:28:02,905 - static_middleware - ERROR - Error listing static files: [Errno 2] No such file or directory: '/Users/josephhester/fire-ems-tools/static'
2025-06-21 15:35:23,267 - static_middleware - INFO - Registered static file handler middleware
2025-06-21 15:35:23,267 - static_middleware - INFO - Static folder: /Users/josephhester/fire-ems-tools/static
2025-06-21 15:35:23,267 - static_middleware - INFO - JavaScript MIME type: application/javascript
2025-06-21 15:35:23,267 - static_middleware - INFO - Available fallback routes: /direct-static/, /app-static/
2025-06-21 15:35:23,267 - static_middleware - INFO - MIME type for .js: application/javascript
2025-06-21 15:35:23,267 - static_middleware - INFO - MIME type for .css: text/css
2025-06-21 15:35:23,267 - static_middleware - INFO - MIME type for .jsx: application/javascript
2025-06-21 15:35:23,267 - static_middleware - INFO - MIME type for .json: application/json
2025-06-21 15:35:23,267 - static_middleware - ERROR - Error listing static files: [Errno 2] No such file or directory: '/Users/josephhester/fire-ems-tools/static'
